# JRE version: Java(TM) SE Runtime Environment (8.0_101-b13) (build 1.8.0_101-b13)
# Java VM: Java HotSpot(TM) 64-Bit Server VM (25.101-b13 mixed mode windows-amd64 compressed oops)
Heap:
 PSYoungGen      total 196608K, used 113944K [0x00000000eab00000, 0x00000000faf80000, 0x0000000100000000)
  eden space 172544K, 59% used [0x00000000eab00000,0x00000000f1007970,0x00000000f5380000)
  from space 24064K, 43% used [0x00000000f6a00000,0x00000000f743ea50,0x00000000f8180000)
  to   space 23040K, 0% used [0x00000000f5380000,0x00000000f5380000,0x00000000f6a00000)
 ParOldGen       total 173568K, used 44778K [0x00000000c0000000, 0x00000000ca980000, 0x00000000eab00000)
  object space 173568K, 25% used [0x00000000c0000000,0x00000000c2bbaa98,0x00000000ca980000)
 Metaspace       used 59204K, capacity 60382K, committed 60672K, reserved 1101824K
  class space    used 7998K, capacity 8338K, committed 8448K, reserved 1048576K
GC Heap History (10 events):
Event: 17.767 GC heap before
{Heap before GC invocations=9 (full 2):
 PSYoungGen      total 125952K, used 110592K [0x00000000eab00000, 0x00000000f5500000, 0x0000000100000000)
  eden space 110592K, 100% used [0x00000000eab00000,0x00000000f1700000,0x00000000f1700000)
  from space 15360K, 0% used [0x00000000f2700000,0x00000000f2700000,0x00000000f3600000)
  to   space 16384K, 0% used [0x00000000f1700000,0x00000000f1700000,0x00000000f2700000)
 ParOldGen       total 173568K, used 20025K [0x00000000c0000000, 0x00000000ca980000, 0x00000000eab00000)
  object space 173568K, 11% used [0x00000000c0000000,0x00000000c138e668,0x00000000ca980000)
 Metaspace       used 43046K, capacity 43818K, committed 44032K, reserved 1087488K
  class space    used 5912K, capacity 6111K, committed 6144K, reserved 1048576K
Event: 17.775 GC heap after
Heap after GC invocations=9 (full 2):
 PSYoungGen      total 126976K, used 11133K [0x00000000eab00000, 0x00000000f7380000, 0x0000000100000000)
  eden space 110592K, 0% used [0x00000000eab00000,0x00000000eab00000,0x00000000f1700000)
  from space 16384K, 67% used [0x00000000f1700000,0x00000000f21df6b0,0x00000000f2700000)
  to   space 15872K, 0% used [0x00000000f6400000,0x00000000f6400000,0x00000000f7380000)
 ParOldGen       total 173568K, used 20124K [0x00000000c0000000, 0x00000000ca980000, 0x00000000eab00000)
  object space 173568K, 11% used [0x00000000c0000000,0x00000000c13a72e0,0x00000000ca980000)
 Metaspace       used 43046K, capacity 43818K, committed 44032K, reserved 1087488K
  class space    used 5912K, capacity 6111K, committed 6144K, reserved 1048576K
}
Event: 20.077 GC heap before
{Heap before GC invocations=10 (full 2):
 PSYoungGen      total 126976K, used 121725K [0x00000000eab00000, 0x00000000f7380000, 0x0000000100000000)
  eden space 110592K, 100% used [0x00000000eab00000,0x00000000f1700000,0x00000000f1700000)
  from space 16384K, 67% used [0x00000000f1700000,0x00000000f21df6b0,0x00000000f2700000)
  to   space 15872K, 0% used [0x00000000f6400000,0x00000000f6400000,0x00000000f7380000)
 ParOldGen       total 173568K, used 20124K [0x00000000c0000000, 0x00000000ca980000, 0x00000000eab00000)
  object space 173568K, 11% used [0x00000000c0000000,0x00000000c13a72e0,0x00000000ca980000)
 Metaspace       used 47556K, capacity 48302K, committed 48640K, reserved 1091584K
  class space    used 6611K, capacity 6824K, committed 6912K, reserved 1048576K
Event: 20.114 GC heap after
Heap after GC invocations=10 (full 2):
 PSYoungGen      total 186880K, used 15868K [0x00000000eab00000, 0x00000000f7680000, 0x0000000100000000)
  eden space 171008K, 0% used [0x00000000eab00000,0x00000000eab00000,0x00000000f5200000)
  from space 15872K, 99% used [0x00000000f6400000,0x00000000f737f270,0x00000000f7380000)
  to   space 18432K, 0% used [0x00000000f5200000,0x00000000f5200000,0x00000000f6400000)
 ParOldGen       total 173568K, used 22566K [0x00000000c0000000, 0x00000000ca980000, 0x00000000eab00000)
  object space 173568K, 13% used [0x00000000c0000000,0x00000000c1609a60,0x00000000ca980000)
 Metaspace       used 47556K, capacity 48302K, committed 48640K, reserved 1091584K
  class space    used 6611K, capacity 6824K, committed 6912K, reserved 1048576K
}
Event: 26.479 GC heap before
{Heap before GC invocations=11 (full 2):
 PSYoungGen      total 186880K, used 177785K [0x00000000eab00000, 0x00000000f7680000, 0x0000000100000000)
  eden space 171008K, 94% used [0x00000000eab00000,0x00000000f491f1d0,0x00000000f5200000)
  from space 15872K, 99% used [0x00000000f6400000,0x00000000f737f270,0x00000000f7380000)
  to   space 18432K, 0% used [0x00000000f5200000,0x00000000f5200000,0x00000000f6400000)
 ParOldGen       total 173568K, used 22566K [0x00000000c0000000, 0x00000000ca980000, 0x00000000eab00000)
  object space 173568K, 13% used [0x00000000c0000000,0x00000000c1609a60,0x00000000ca980000)
 Metaspace       used 56151K, capacity 57110K, committed 57472K, reserved 1099776K
  class space    used 7701K, capacity 7993K, committed 8064K, reserved 1048576K
Event: 26.497 GC heap after
Heap after GC invocations=11 (full 2):
 PSYoungGen      total 189440K, used 18410K [0x00000000eab00000, 0x00000000f8180000, 0x0000000100000000)
  eden space 171008K, 0% used [0x00000000eab00000,0x00000000eab00000,0x00000000f5200000)
  from space 18432K, 99% used [0x00000000f5200000,0x00000000f63fab08,0x00000000f6400000)
  to   space 24064K, 0% used [0x00000000f6a00000,0x00000000f6a00000,0x00000000f8180000)
 ParOldGen       total 173568K, used 30468K [0x00000000c0000000, 0x00000000ca980000, 0x00000000eab00000)
  object space 173568K, 17% used [0x00000000c0000000,0x00000000c1dc1090,0x00000000ca980000)
 Metaspace       used 56151K, capacity 57110K, committed 57472K, reserved 1099776K
  class space    used 7701K, capacity 7993K, committed 8064K, reserved 1048576K
}
Event: 26.497 GC heap before
{Heap before GC invocations=12 (full 3):
 PSYoungGen      total 189440K, used 18410K [0x00000000eab00000, 0x00000000f8180000, 0x0000000100000000)
  eden space 171008K, 0% used [0x00000000eab00000,0x00000000eab00000,0x00000000f5200000)
  from space 18432K, 99% used [0x00000000f5200000,0x00000000f63fab08,0x00000000f6400000)
  to   space 24064K, 0% used [0x00000000f6a00000,0x00000000f6a00000,0x00000000f8180000)
 ParOldGen       total 173568K, used 30468K [0x00000000c0000000, 0x00000000ca980000, 0x00000000eab00000)
  object space 173568K, 17% used [0x00000000c0000000,0x00000000c1dc1090,0x00000000ca980000)
 Metaspace       used 56151K, capacity 57110K, committed 57472K, reserved 1099776K
  class space    used 7701K, capacity 7993K, committed 8064K, reserved 1048576K
Event: 26.805 GC heap after
Heap after GC invocations=12 (full 3):
 PSYoungGen      total 189440K, used 0K [0x00000000eab00000, 0x00000000f8180000, 0x0000000100000000)
  eden space 171008K, 0% used [0x00000000eab00000,0x00000000eab00000,0x00000000f5200000)
  from space 18432K, 0% used [0x00000000f5200000,0x00000000f5200000,0x00000000f6400000)
  to   space 24064K, 0% used [0x00000000f6a00000,0x00000000f6a00000,0x00000000f8180000)
 ParOldGen       total 173568K, used 44770K [0x00000000c0000000, 0x00000000ca980000, 0x00000000eab00000)
  object space 173568K, 25% used [0x00000000c0000000,0x00000000c2bb8a98,0x00000000ca980000)
 Metaspace       used 56151K, capacity 57110K, committed 57472K, reserved 1099776K
  class space    used 7701K, capacity 7993K, committed 8064K, reserved 1048576K
}
Event: 58.515 GC heap before
{Heap before GC invocations=13 (full 3):
 PSYoungGen      total 189440K, used 171008K [0x00000000eab00000, 0x00000000f8180000, 0x0000000100000000)
  eden space 171008K, 100% used [0x00000000eab00000,0x00000000f5200000,0x00000000f5200000)
  from space 18432K, 0% used [0x00000000f5200000,0x00000000f5200000,0x00000000f6400000)
  to   space 24064K, 0% used [0x00000000f6a00000,0x00000000f6a00000,0x00000000f8180000)
 ParOldGen       total 173568K, used 44770K [0x00000000c0000000, 0x00000000ca980000, 0x00000000eab00000)
  object space 173568K, 25% used [0x00000000c0000000,0x00000000c2bb8a98,0x00000000ca980000)
 Metaspace       used 57477K, capacity 58608K, committed 58880K, reserved 1099776K
  class space    used 7789K, capacity 8104K, committed 8192K, reserved 1048576K
Event: 58.524 GC heap after
Heap after GC invocations=13 (full 3):
 PSYoungGen      total 196608K, used 10490K [0x00000000eab00000, 0x00000000faf80000, 0x0000000100000000)
  eden space 172544K, 0% used [0x00000000eab00000,0x00000000eab00000,0x00000000f5380000)
  from space 24064K, 43% used [0x00000000f6a00000,0x00000000f743ea50,0x00000000f8180000)
  to   space 23040K, 0% used [0x00000000f5380000,0x00000000f5380000,0x00000000f6a00000)
 ParOldGen       total 173568K, used 44778K [0x00000000c0000000, 0x00000000ca980000, 0x00000000eab00000)
  object space 173568K, 25% used [0x00000000c0000000,0x00000000c2bbaa98,0x00000000ca980000)
 Metaspace       used 57477K, capacity 58608K, committed 58880K, reserved 1099776K
  class space    used 7789K, capacity 8104K, committed 8192K, reserved 1048576K
}

