# JRE version: Java(TM) SE Runtime Environment (8.0_101-b13) (build 1.8.0_101-b13)
# Java VM: Java HotSpot(TM) 64-Bit Server VM (25.101-b13 mixed mode windows-amd64 compressed oops)
Heap:
 PSYoungGen      total 200192K, used 46841K [0x00000000eab00000, 0x00000000f8080000, 0x0000000100000000)
  eden space 189440K, 19% used [0x00000000eab00000,0x00000000ece41148,0x00000000f6400000)
  from space 10752K, 99% used [0x00000000f6e80000,0x00000000f78fd518,0x00000000f7900000)
  to   space 10752K, 0% used [0x00000000f6400000,0x00000000f6400000,0x00000000f6e80000)
 ParOldGen       total 181248K, used 44697K [0x00000000c0000000, 0x00000000cb100000, 0x00000000eab00000)
  object space 181248K, 24% used [0x00000000c0000000,0x00000000c2ba67f8,0x00000000cb100000)
 Metaspace       used 49127K, capacity 50026K, committed 50176K, reserved 1091584K
  class space    used 6756K, capacity 7044K, committed 7168K, reserved 1048576K
GC Heap History (10 events):
Event: 6.130 GC heap before
{Heap before GC invocations=4 (full 1):
 PSYoungGen      total 141824K, used 131072K [0x00000000eab00000, 0x00000000f4000000, 0x0000000100000000)
  eden space 131072K, 100% used [0x00000000eab00000,0x00000000f2b00000,0x00000000f2b00000)
  from space 10752K, 0% used [0x00000000f3580000,0x00000000f3580000,0x00000000f4000000)
  to   space 10752K, 0% used [0x00000000f2b00000,0x00000000f2b00000,0x00000000f3580000)
 ParOldGen       total 112128K, used 12136K [0x00000000c0000000, 0x00000000c6d80000, 0x00000000eab00000)
  object space 112128K, 10% used [0x00000000c0000000,0x00000000c0bda278,0x00000000c6d80000)
 Metaspace       used 30055K, capacity 30540K, committed 30848K, reserved 1075200K
  class space    used 4199K, capacity 4393K, committed 4480K, reserved 1048576K
Event: 6.139 GC heap after
Heap after GC invocations=4 (full 1):
 PSYoungGen      total 141824K, used 10741K [0x00000000eab00000, 0x00000000f7900000, 0x0000000100000000)
  eden space 131072K, 0% used [0x00000000eab00000,0x00000000eab00000,0x00000000f2b00000)
  from space 10752K, 99% used [0x00000000f2b00000,0x00000000f357d6e8,0x00000000f3580000)
  to   space 10752K, 0% used [0x00000000f6e80000,0x00000000f6e80000,0x00000000f7900000)
 ParOldGen       total 112128K, used 14496K [0x00000000c0000000, 0x00000000c6d80000, 0x00000000eab00000)
  object space 112128K, 12% used [0x00000000c0000000,0x00000000c0e28340,0x00000000c6d80000)
 Metaspace       used 30055K, capacity 30540K, committed 30848K, reserved 1075200K
  class space    used 4199K, capacity 4393K, committed 4480K, reserved 1048576K
}
Event: 7.185 GC heap before
{Heap before GC invocations=5 (full 1):
 PSYoungGen      total 141824K, used 113086K [0x00000000eab00000, 0x00000000f7900000, 0x0000000100000000)
  eden space 131072K, 78% used [0x00000000eab00000,0x00000000f0ef21b0,0x00000000f2b00000)
  from space 10752K, 99% used [0x00000000f2b00000,0x00000000f357d6e8,0x00000000f3580000)
  to   space 10752K, 0% used [0x00000000f6e80000,0x00000000f6e80000,0x00000000f7900000)
 ParOldGen       total 112128K, used 14496K [0x00000000c0000000, 0x00000000c6d80000, 0x00000000eab00000)
  object space 112128K, 12% used [0x00000000c0000000,0x00000000c0e28340,0x00000000c6d80000)
 Metaspace       used 34708K, capacity 35274K, committed 35456K, reserved 1079296K
  class space    used 4796K, capacity 4943K, committed 4992K, reserved 1048576K
Event: 7.216 GC heap after
Heap after GC invocations=5 (full 1):
 PSYoungGen      total 200192K, used 10742K [0x00000000eab00000, 0x00000000f8080000, 0x0000000100000000)
  eden space 189440K, 0% used [0x00000000eab00000,0x00000000eab00000,0x00000000f6400000)
  from space 10752K, 99% used [0x00000000f6e80000,0x00000000f78fdab8,0x00000000f7900000)
  to   space 10752K, 0% used [0x00000000f6400000,0x00000000f6400000,0x00000000f6e80000)
 ParOldGen       total 112128K, used 19238K [0x00000000c0000000, 0x00000000c6d80000, 0x00000000eab00000)
  object space 112128K, 17% used [0x00000000c0000000,0x00000000c12c9aa8,0x00000000c6d80000)
 Metaspace       used 34708K, capacity 35274K, committed 35456K, reserved 1079296K
  class space    used 4796K, capacity 4943K, committed 4992K, reserved 1048576K
}
Event: 7.216 GC heap before
{Heap before GC invocations=6 (full 2):
 PSYoungGen      total 200192K, used 10742K [0x00000000eab00000, 0x00000000f8080000, 0x0000000100000000)
  eden space 189440K, 0% used [0x00000000eab00000,0x00000000eab00000,0x00000000f6400000)
  from space 10752K, 99% used [0x00000000f6e80000,0x00000000f78fdab8,0x00000000f7900000)
  to   space 10752K, 0% used [0x00000000f6400000,0x00000000f6400000,0x00000000f6e80000)
 ParOldGen       total 112128K, used 19238K [0x00000000c0000000, 0x00000000c6d80000, 0x00000000eab00000)
  object space 112128K, 17% used [0x00000000c0000000,0x00000000c12c9aa8,0x00000000c6d80000)
 Metaspace       used 34708K, capacity 35274K, committed 35456K, reserved 1079296K
  class space    used 4796K, capacity 4943K, committed 4992K, reserved 1048576K
Event: 7.338 GC heap after
Heap after GC invocations=6 (full 2):
 PSYoungGen      total 200192K, used 0K [0x00000000eab00000, 0x00000000f8080000, 0x0000000100000000)
  eden space 189440K, 0% used [0x00000000eab00000,0x00000000eab00000,0x00000000f6400000)
  from space 10752K, 0% used [0x00000000f6e80000,0x00000000f6e80000,0x00000000f7900000)
  to   space 10752K, 0% used [0x00000000f6400000,0x00000000f6400000,0x00000000f6e80000)
 ParOldGen       total 181248K, used 21833K [0x00000000c0000000, 0x00000000cb100000, 0x00000000eab00000)
  object space 181248K, 12% used [0x00000000c0000000,0x00000000c15524e8,0x00000000cb100000)
 Metaspace       used 34708K, capacity 35274K, committed 35456K, reserved 1079296K
  class space    used 4796K, capacity 4943K, committed 4992K, reserved 1048576K
}
Event: 11.433 GC heap before
{Heap before GC invocations=7 (full 2):
 PSYoungGen      total 200192K, used 189440K [0x00000000eab00000, 0x00000000f8080000, 0x0000000100000000)
  eden space 189440K, 100% used [0x00000000eab00000,0x00000000f6400000,0x00000000f6400000)
  from space 10752K, 0% used [0x00000000f6e80000,0x00000000f6e80000,0x00000000f7900000)
  to   space 10752K, 0% used [0x00000000f6400000,0x00000000f6400000,0x00000000f6e80000)
 ParOldGen       total 181248K, used 21833K [0x00000000c0000000, 0x00000000cb100000, 0x00000000eab00000)
  object space 181248K, 12% used [0x00000000c0000000,0x00000000c15524e8,0x00000000cb100000)
 Metaspace       used 44358K, capacity 45104K, committed 45312K, reserved 1087488K
  class space    used 6180K, capacity 6387K, committed 6400K, reserved 1048576K
Event: 11.615 GC heap after
Heap after GC invocations=7 (full 2):
 PSYoungGen      total 200192K, used 10722K [0x00000000eab00000, 0x00000000f8080000, 0x0000000100000000)
  eden space 189440K, 0% used [0x00000000eab00000,0x00000000eab00000,0x00000000f6400000)
  from space 10752K, 99% used [0x00000000f6400000,0x00000000f6e78890,0x00000000f6e80000)
  to   space 10752K, 0% used [0x00000000f6e80000,0x00000000f6e80000,0x00000000f7900000)
 ParOldGen       total 181248K, used 29700K [0x00000000c0000000, 0x00000000cb100000, 0x00000000eab00000)
  object space 181248K, 16% used [0x00000000c0000000,0x00000000c1d01130,0x00000000cb100000)
 Metaspace       used 44358K, capacity 45104K, committed 45312K, reserved 1087488K
  class space    used 6180K, capacity 6387K, committed 6400K, reserved 1048576K
}
Event: 15.394 GC heap before
{Heap before GC invocations=8 (full 2):
 PSYoungGen      total 200192K, used 200162K [0x00000000eab00000, 0x00000000f8080000, 0x0000000100000000)
  eden space 189440K, 100% used [0x00000000eab00000,0x00000000f6400000,0x00000000f6400000)
  from space 10752K, 99% used [0x00000000f6400000,0x00000000f6e78890,0x00000000f6e80000)
  to   space 10752K, 0% used [0x00000000f6e80000,0x00000000f6e80000,0x00000000f7900000)
 ParOldGen       total 181248K, used 29700K [0x00000000c0000000, 0x00000000cb100000, 0x00000000eab00000)
  object space 181248K, 16% used [0x00000000c0000000,0x00000000c1d01130,0x00000000cb100000)
 Metaspace       used 49032K, capacity 49962K, committed 50176K, reserved 1091584K
  class space    used 6753K, capacity 7044K, committed 7168K, reserved 1048576K
Event: 15.460 GC heap after
Heap after GC invocations=8 (full 2):
 PSYoungGen      total 200192K, used 10741K [0x00000000eab00000, 0x00000000f8080000, 0x0000000100000000)
  eden space 189440K, 0% used [0x00000000eab00000,0x00000000eab00000,0x00000000f6400000)
  from space 10752K, 99% used [0x00000000f6e80000,0x00000000f78fd518,0x00000000f7900000)
  to   space 10752K, 0% used [0x00000000f6400000,0x00000000f6400000,0x00000000f6e80000)
 ParOldGen       total 181248K, used 44697K [0x00000000c0000000, 0x00000000cb100000, 0x00000000eab00000)
  object space 181248K, 24% used [0x00000000c0000000,0x00000000c2ba67f8,0x00000000cb100000)
 Metaspace       used 49032K, capacity 49962K, committed 50176K, reserved 1091584K
  class space    used 6753K, capacity 7044K, committed 7168K, reserved 1048576K
}

